# JRE version: Java(TM) SE Runtime Environment (8.0_101-b13) (build 1.8.0_101-b13)
# Java VM: Java HotSpot(TM) 64-Bit Server VM (25.101-b13 mixed mode bsd-amd64 compressed oops)
Heap:
 PSYoungGen      total 82944K, used 2323K [0x0000000795580000, 0x000000079af80000, 0x00000007c0000000)
  eden space 73728K, 0% used [0x0000000795580000,0x0000000795580000,0x0000000799d80000)
  from space 9216K, 25% used [0x000000079a680000,0x000000079a8c4c68,0x000000079af80000)
  to   space 9216K, 0% used [0x0000000799d80000,0x0000000799d80000,0x000000079a680000)
 ParOldGen       total 45568K, used 21426K [0x0000000740000000, 0x0000000742c80000, 0x0000000795580000)
  object space 45568K, 47% used [0x0000000740000000,0x00000007414ec958,0x0000000742c80000)
 Metaspace       used 34654K, capacity 35264K, committed 35456K, reserved 1079296K
  class space    used 4717K, capacity 4900K, committed 4992K, reserved 1048576K
GC Heap History (10 events):
Event: 196.952 GC heap after
Heap after GC invocations=13 (full 1):
 PSYoungGen      total 39936K, used 1825K [0x0000000795580000, 0x0000000799700000, 0x00000007c0000000)
  eden space 29696K, 0% used [0x0000000795580000,0x0000000795580000,0x0000000797280000)
  from space 10240K, 17% used [0x0000000797c80000,0x0000000797e48780,0x0000000798680000)
  to   space 10240K, 0% used [0x0000000797280000,0x0000000797280000,0x0000000797c80000)
 ParOldGen       total 45568K, used 13687K [0x0000000740000000, 0x0000000742c80000, 0x0000000795580000)
  object space 45568K, 30% used [0x0000000740000000,0x0000000740d5dd30,0x0000000742c80000)
 Metaspace       used 31100K, capacity 31718K, committed 32128K, reserved 1077248K
  class space    used 4244K, capacity 4369K, committed 4480K, reserved 1048576K
}
Event: 197.583 GC heap before
{Heap before GC invocations=14 (full 1):
 PSYoungGen      total 39936K, used 31521K [0x0000000795580000, 0x0000000799700000, 0x00000007c0000000)
  eden space 29696K, 100% used [0x0000000795580000,0x0000000797280000,0x0000000797280000)
  from space 10240K, 17% used [0x0000000797c80000,0x0000000797e48780,0x0000000798680000)
  to   space 10240K, 0% used [0x0000000797280000,0x0000000797280000,0x0000000797c80000)
 ParOldGen       total 45568K, used 13687K [0x0000000740000000, 0x0000000742c80000, 0x0000000795580000)
  object space 45568K, 30% used [0x0000000740000000,0x0000000740d5dd30,0x0000000742c80000)
 Metaspace       used 32005K, capacity 32626K, committed 32768K, reserved 1077248K
  class space    used 4384K, capacity 4565K, committed 4608K, reserved 1048576K
Event: 197.590 GC heap after
Heap after GC invocations=14 (full 1):
 PSYoungGen      total 39936K, used 2597K [0x0000000795580000, 0x0000000799600000, 0x00000007c0000000)
  eden space 29696K, 0% used [0x0000000795580000,0x0000000795580000,0x0000000797280000)
  from space 10240K, 25% used [0x0000000797280000,0x0000000797509618,0x0000000797c80000)
  to   space 9728K, 0% used [0x0000000798c80000,0x0000000798c80000,0x0000000799600000)
 ParOldGen       total 45568K, used 14775K [0x0000000740000000, 0x0000000742c80000, 0x0000000795580000)
  object space 45568K, 32% used [0x0000000740000000,0x0000000740e6dd30,0x0000000742c80000)
 Metaspace       used 32005K, capacity 32626K, committed 32768K, reserved 1077248K
  class space    used 4384K, capacity 4565K, committed 4608K, reserved 1048576K
}
Event: 198.359 GC heap before
{Heap before GC invocations=15 (full 1):
 PSYoungGen      total 39936K, used 32293K [0x0000000795580000, 0x0000000799600000, 0x00000007c0000000)
  eden space 29696K, 100% used [0x0000000795580000,0x0000000797280000,0x0000000797280000)
  from space 10240K, 25% used [0x0000000797280000,0x0000000797509618,0x0000000797c80000)
  to   space 9728K, 0% used [0x0000000798c80000,0x0000000798c80000,0x0000000799600000)
 ParOldGen       total 45568K, used 14775K [0x0000000740000000, 0x0000000742c80000, 0x0000000795580000)
  object space 45568K, 32% used [0x0000000740000000,0x0000000740e6dd30,0x0000000742c80000)
 Metaspace       used 33025K, capacity 33790K, committed 33920K, reserved 1079296K
  class space    used 4490K, capacity 4696K, committed 4736K, reserved 1048576K
Event: 198.372 GC heap after
Heap after GC invocations=15 (full 1):
 PSYoungGen      total 56320K, used 3666K [0x0000000795580000, 0x0000000799600000, 0x00000007c0000000)
  eden space 46592K, 0% used [0x0000000795580000,0x0000000795580000,0x0000000798300000)
  from space 9728K, 37% used [0x0000000798c80000,0x00000007990148a0,0x0000000799600000)
  to   space 9728K, 0% used [0x0000000798300000,0x0000000798300000,0x0000000798c80000)
 ParOldGen       total 45568K, used 16577K [0x0000000740000000, 0x0000000742c80000, 0x0000000795580000)
  object space 45568K, 36% used [0x0000000740000000,0x0000000741030550,0x0000000742c80000)
 Metaspace       used 33025K, capacity 33790K, committed 33920K, reserved 1079296K
  class space    used 4490K, capacity 4696K, committed 4736K, reserved 1048576K
}
Event: 198.939 GC heap before
{Heap before GC invocations=16 (full 1):
 PSYoungGen      total 56320K, used 50258K [0x0000000795580000, 0x0000000799600000, 0x00000007c0000000)
  eden space 46592K, 100% used [0x0000000795580000,0x0000000798300000,0x0000000798300000)
  from space 9728K, 37% used [0x0000000798c80000,0x00000007990148a0,0x0000000799600000)
  to   space 9728K, 0% used [0x0000000798300000,0x0000000798300000,0x0000000798c80000)
 ParOldGen       total 45568K, used 16577K [0x0000000740000000, 0x0000000742c80000, 0x0000000795580000)
  object space 45568K, 36% used [0x0000000740000000,0x0000000741030550,0x0000000742c80000)
 Metaspace       used 33363K, capacity 34044K, committed 34176K, reserved 1079296K
  class space    used 4539K, capacity 4733K, committed 4736K, reserved 1048576K
Event: 198.954 GC heap after
Heap after GC invocations=16 (full 1):
 PSYoungGen      total 56320K, used 1726K [0x0000000795580000, 0x000000079af80000, 0x00000007c0000000)
  eden space 46592K, 0% used [0x0000000795580000,0x0000000795580000,0x0000000798300000)
  from space 9728K, 17% used [0x0000000798300000,0x00000007984af9f0,0x0000000798c80000)
  to   space 9216K, 0% used [0x000000079a680000,0x000000079a680000,0x000000079af80000)
 ParOldGen       total 45568K, used 19972K [0x0000000740000000, 0x0000000742c80000, 0x0000000795580000)
  object space 45568K, 43% used [0x0000000740000000,0x0000000741381038,0x0000000742c80000)
 Metaspace       used 33363K, capacity 34044K, committed 34176K, reserved 1079296K
  class space    used 4539K, capacity 4733K, committed 4736K, reserved 1048576K
}
Event: 199.464 GC heap before
{Heap before GC invocations=17 (full 1):
 PSYoungGen      total 56320K, used 19342K [0x0000000795580000, 0x000000079af80000, 0x00000007c0000000)
  eden space 46592K, 37% used [0x0000000795580000,0x00000007966b3e68,0x0000000798300000)
  from space 9728K, 17% used [0x0000000798300000,0x00000007984af9f0,0x0000000798c80000)
  to   space 9216K, 0% used [0x000000079a680000,0x000000079a680000,0x000000079af80000)
 ParOldGen       total 45568K, used 19972K [0x0000000740000000, 0x0000000742c80000, 0x0000000795580000)
  object space 45568K, 43% used [0x0000000740000000,0x0000000741381038,0x0000000742c80000)
 Metaspace       used 34654K, capacity 35264K, committed 35456K, reserved 1079296K
  class space    used 4717K, capacity 4900K, committed 4992K, reserved 1048576K
Event: 199.471 GC heap after
Heap after GC invocations=17 (full 1):
 PSYoungGen      total 82944K, used 2323K [0x0000000795580000, 0x000000079af80000, 0x00000007c0000000)
  eden space 73728K, 0% used [0x0000000795580000,0x0000000795580000,0x0000000799d80000)
  from space 9216K, 25% used [0x000000079a680000,0x000000079a8c4c68,0x000000079af80000)
  to   space 9216K, 0% used [0x0000000799d80000,0x0000000799d80000,0x000000079a680000)
 ParOldGen       total 45568K, used 21426K [0x0000000740000000, 0x0000000742c80000, 0x0000000795580000)
  object space 45568K, 47% used [0x0000000740000000,0x00000007414ec958,0x0000000742c80000)
 Metaspace       used 34654K, capacity 35264K, committed 35456K, reserved 1079296K
  class space    used 4717K, capacity 4900K, committed 4992K, reserved 1048576K
}
Event: 199.472 GC heap before
{Heap before GC invocations=18 (full 2):
 PSYoungGen      total 82944K, used 2323K [0x0000000795580000, 0x000000079af80000, 0x00000007c0000000)
  eden space 73728K, 0% used [0x0000000795580000,0x0000000795580000,0x0000000799d80000)
  from space 9216K, 25% used [0x000000079a680000,0x000000079a8c4c68,0x000000079af80000)
  to   space 9216K, 0% used [0x0000000799d80000,0x0000000799d80000,0x000000079a680000)
 ParOldGen       total 45568K, used 21426K [0x0000000740000000, 0x0000000742c80000, 0x0000000795580000)
  object space 45568K, 47% used [0x0000000740000000,0x00000007414ec958,0x0000000742c80000)
 Metaspace       used 34654K, capacity 35264K, committed 35456K, reserved 1079296K
  class space    used 4717K, capacity 4900K, committed 4992K, reserved 1048576K

