# JRE version: Java(TM) SE Runtime Environment (8.0_101-b13) (build 1.8.0_101-b13)
# Java VM: Java HotSpot(TM) 64-Bit Server VM (25.101-b13 mixed mode bsd-amd64 compressed oops)
Heap:
 PSYoungGen      total 416768K, used 416661K [0x0000000795580000, 0x00000007bfd00000, 0x00000007c0000000)
  eden space 310784K, 100% used [0x0000000795580000,0x00000007a8500000,0x00000007a8500000)
  from space 105984K, 99% used [0x00000007a8500000,0x00000007aec65558,0x00000007aec80000)
  to   space 192512K, 36% used [0x00000007b4100000,0x00000007b859ace8,0x00000007bfd00000)
 ParOldGen       total 623104K, used 67613K [0x0000000740000000, 0x0000000766080000, 0x0000000795580000)
  object space 623104K, 10% used [0x0000000740000000,0x00000007442074d0,0x0000000766080000)
 Metaspace       used 62464K, capacity 63984K, committed 64384K, reserved 1105920K
  class space    used 8080K, capacity 8458K, committed 8576K, reserved 1048576K
GC Heap History (10 events):
Event: 6774.849 GC heap after
Heap after GC invocations=69 (full 10):
 PSYoungGen      total 483328K, used 61446K [0x0000000795580000, 0x00000007bd680000, 0x00000007c0000000)
  eden space 299008K, 0% used [0x0000000795580000,0x0000000795580000,0x00000007a7980000)
  from space 184320K, 33% used [0x00000007a7980000,0x00000007ab5818a0,0x00000007b2d80000)
  to   space 172544K, 0% used [0x00000007b2e00000,0x00000007b2e00000,0x00000007bd680000)
 ParOldGen       total 623104K, used 67573K [0x0000000740000000, 0x0000000766080000, 0x0000000795580000)
  object space 623104K, 10% used [0x0000000740000000,0x00000007441fd4d0,0x0000000766080000)
 Metaspace       used 60618K, capacity 62128K, committed 62336K, reserved 1103872K
  class space    used 7826K, capacity 8202K, committed 8320K, reserved 1048576K
}
Event: 6782.728 GC heap before
{Heap before GC invocations=70 (full 10):
 PSYoungGen      total 483328K, used 360454K [0x0000000795580000, 0x00000007bd680000, 0x00000007c0000000)
  eden space 299008K, 100% used [0x0000000795580000,0x00000007a7980000,0x00000007a7980000)
  from space 184320K, 33% used [0x00000007a7980000,0x00000007ab5818a0,0x00000007b2d80000)
  to   space 172544K, 0% used [0x00000007b2e00000,0x00000007b2e00000,0x00000007bd680000)
 ParOldGen       total 623104K, used 67573K [0x0000000740000000, 0x0000000766080000, 0x0000000795580000)
  object space 623104K, 10% used [0x0000000740000000,0x00000007441fd4d0,0x0000000766080000)
 Metaspace       used 60733K, capacity 62256K, committed 62592K, reserved 1103872K
  class space    used 7839K, capacity 8202K, committed 8320K, reserved 1048576K
Event: 6784.634 GC heap after
Heap after GC invocations=70 (full 10):
 PSYoungGen      total 475648K, used 114046K [0x0000000795580000, 0x00000007bea00000, 0x00000007c0000000)
  eden space 303104K, 0% used [0x0000000795580000,0x0000000795580000,0x00000007a7d80000)
  from space 172544K, 66% used [0x00000007b2e00000,0x00000007b9d5f9e0,0x00000007bd680000)
  to   space 180736K, 0% used [0x00000007a7d80000,0x00000007a7d80000,0x00000007b2e00000)
 ParOldGen       total 623104K, used 67581K [0x0000000740000000, 0x0000000766080000, 0x0000000795580000)
  object space 623104K, 10% used [0x0000000740000000,0x00000007441ff4d0,0x0000000766080000)
 Metaspace       used 60733K, capacity 62256K, committed 62592K, reserved 1103872K
  class space    used 7839K, capacity 8202K, committed 8320K, reserved 1048576K
}
Event: 6786.841 GC heap before
{Heap before GC invocations=71 (full 10):
 PSYoungGen      total 475648K, used 417150K [0x0000000795580000, 0x00000007bea00000, 0x00000007c0000000)
  eden space 303104K, 100% used [0x0000000795580000,0x00000007a7d80000,0x00000007a7d80000)
  from space 172544K, 66% used [0x00000007b2e00000,0x00000007b9d5f9e0,0x00000007bd680000)
  to   space 180736K, 0% used [0x00000007a7d80000,0x00000007a7d80000,0x00000007b2e00000)
 ParOldGen       total 623104K, used 67581K [0x0000000740000000, 0x0000000766080000, 0x0000000795580000)
  object space 623104K, 10% used [0x0000000740000000,0x00000007441ff4d0,0x0000000766080000)
 Metaspace       used 61018K, capacity 62544K, committed 62848K, reserved 1103872K
  class space    used 7872K, capacity 8234K, committed 8320K, reserved 1048576K
Event: 6790.620 GC heap after
Heap after GC invocations=71 (full 10):
 PSYoungGen      total 483840K, used 134982K [0x0000000795580000, 0x00000007c0000000, 0x00000007c0000000)
  eden space 303104K, 0% used [0x0000000795580000,0x0000000795580000,0x00000007a7d80000)
  from space 180736K, 74% used [0x00000007a7d80000,0x00000007b0151b78,0x00000007b2e00000)
  to   space 194048K, 0% used [0x00000007b4280000,0x00000007b4280000,0x00000007c0000000)
 ParOldGen       total 623104K, used 67589K [0x0000000740000000, 0x0000000766080000, 0x0000000795580000)
  object space 623104K, 10% used [0x0000000740000000,0x00000007442014d0,0x0000000766080000)
 Metaspace       used 61018K, capacity 62544K, committed 62848K, reserved 1103872K
  class space    used 7872K, capacity 8234K, committed 8320K, reserved 1048576K
}
Event: 6795.557 GC heap before
{Heap before GC invocations=72 (full 10):
 PSYoungGen      total 483840K, used 438086K [0x0000000795580000, 0x00000007c0000000, 0x00000007c0000000)
  eden space 303104K, 100% used [0x0000000795580000,0x00000007a7d80000,0x00000007a7d80000)
  from space 180736K, 74% used [0x00000007a7d80000,0x00000007b0151b78,0x00000007b2e00000)
  to   space 194048K, 0% used [0x00000007b4280000,0x00000007b4280000,0x00000007c0000000)
 ParOldGen       total 623104K, used 67589K [0x0000000740000000, 0x0000000766080000, 0x0000000795580000)
  object space 623104K, 10% used [0x0000000740000000,0x00000007442014d0,0x0000000766080000)
 Metaspace       used 61233K, capacity 62704K, committed 62848K, reserved 1103872K
  class space    used 7904K, capacity 8266K, committed 8320K, reserved 1048576K
Event: 6795.812 GC heap after
Heap after GC invocations=72 (full 10):
 PSYoungGen      total 504832K, used 105902K [0x0000000795580000, 0x00000007c0000000, 0x00000007c0000000)
  eden space 310784K, 0% used [0x0000000795580000,0x0000000795580000,0x00000007a8500000)
  from space 194048K, 54% used [0x00000007b4280000,0x00000007ba9ebac0,0x00000007c0000000)
  to   space 194048K, 0% used [0x00000007a8500000,0x00000007a8500000,0x00000007b4280000)
 ParOldGen       total 623104K, used 67597K [0x0000000740000000, 0x0000000766080000, 0x0000000795580000)
  object space 623104K, 10% used [0x0000000740000000,0x00000007442034d0,0x0000000766080000)
 Metaspace       used 61233K, capacity 62704K, committed 62848K, reserved 1103872K
  class space    used 7904K, capacity 8266K, committed 8320K, reserved 1048576K
}
Event: 6800.682 GC heap before
{Heap before GC invocations=73 (full 10):
 PSYoungGen      total 504832K, used 416686K [0x0000000795580000, 0x00000007c0000000, 0x00000007c0000000)
  eden space 310784K, 100% used [0x0000000795580000,0x00000007a8500000,0x00000007a8500000)
  from space 194048K, 54% used [0x00000007b4280000,0x00000007ba9ebac0,0x00000007c0000000)
  to   space 194048K, 0% used [0x00000007a8500000,0x00000007a8500000,0x00000007b4280000)
 ParOldGen       total 623104K, used 67597K [0x0000000740000000, 0x0000000766080000, 0x0000000795580000)
  object space 623104K, 10% used [0x0000000740000000,0x00000007442034d0,0x0000000766080000)
 Metaspace       used 61471K, capacity 62928K, committed 63104K, reserved 1103872K
  class space    used 7939K, capacity 8298K, committed 8320K, reserved 1048576K
Event: 6800.875 GC heap after
Heap after GC invocations=73 (full 10):
 PSYoungGen      total 416768K, used 105877K [0x0000000795580000, 0x00000007bfd00000, 0x00000007c0000000)
  eden space 310784K, 0% used [0x0000000795580000,0x0000000795580000,0x00000007a8500000)
  from space 105984K, 99% used [0x00000007a8500000,0x00000007aec65558,0x00000007aec80000)
  to   space 192512K, 0% used [0x00000007b4100000,0x00000007b4100000,0x00000007bfd00000)
 ParOldGen       total 623104K, used 67605K [0x0000000740000000, 0x0000000766080000, 0x0000000795580000)
  object space 623104K, 10% used [0x0000000740000000,0x00000007442054d0,0x0000000766080000)
 Metaspace       used 61471K, capacity 62928K, committed 63104K, reserved 1103872K
  class space    used 7939K, capacity 8298K, committed 8320K, reserved 1048576K
}
Event: 6807.223 GC heap before
{Heap before GC invocations=74 (full 10):
 PSYoungGen      total 416768K, used 416661K [0x0000000795580000, 0x00000007bfd00000, 0x00000007c0000000)
  eden space 310784K, 100% used [0x0000000795580000,0x00000007a8500000,0x00000007a8500000)
  from space 105984K, 99% used [0x00000007a8500000,0x00000007aec65558,0x00000007aec80000)
  to   space 192512K, 0% used [0x00000007b4100000,0x00000007b4100000,0x00000007bfd00000)
 ParOldGen       total 623104K, used 67605K [0x0000000740000000, 0x0000000766080000, 0x0000000795580000)
  object space 623104K, 10% used [0x0000000740000000,0x00000007442054d0,0x0000000766080000)
 Metaspace       used 62464K, capacity 63984K, committed 64384K, reserved 1105920K
  class space    used 8080K, capacity 8458K, committed 8576K, reserved 1048576K

