# JRE version: Java(TM) SE Runtime Environment (8.0_101-b13) (build 1.8.0_101-b13)
# Java VM: Java HotSpot(TM) 64-Bit Server VM (25.101-b13 mixed mode bsd-amd64 compressed oops)
Heap:
 PSYoungGen      total 412160K, used 412133K [0x0000000795580000, 0x00000007c0000000, 0x00000007c0000000)
  eden space 232960K, 100% used [0x0000000795580000,0x00000007a3900000,0x00000007a3900000)
  from space 179200K, 99% used [0x00000007b5100000,0x00000007bfff96a8,0x00000007c0000000)
  to   space 232960K, 99% used [0x00000007a3900000,0x00000007b1c7aff0,0x00000007b1c80000)
 ParOldGen       total 770560K, used 601380K [0x0000000740000000, 0x000000076f080000, 0x0000000795580000)
  object space 770560K, 78% used [0x0000000740000000,0x0000000764b490e0,0x000000076f080000)
 Metaspace       used 69830K, capacity 72880K, committed 73304K, reserved 1114112K
  class space    used 8935K, capacity 9395K, committed 9560K, reserved 1048576K
GC Heap History (10 events):
Event: 12591.160 GC heap after
Heap after GC invocations=570 (full 28):
 PSYoungGen      total 556032K, used 70124K [0x0000000795580000, 0x00000007c0000000, 0x00000007c0000000)
  eden space 485888K, 0% used [0x0000000795580000,0x0000000795580000,0x00000007b3000000)
  from space 70144K, 99% used [0x00000007bbb80000,0x00000007bfffb338,0x00000007c0000000)
  to   space 106496K, 0% used [0x00000007b3000000,0x00000007b3000000,0x00000007b9800000)
 ParOldGen       total 770560K, used 266541K [0x0000000740000000, 0x000000076f080000, 0x0000000795580000)
  object space 770560K, 34% used [0x0000000740000000,0x000000075044b628,0x000000076f080000)
 Metaspace       used 69830K, capacity 72880K, committed 73304K, reserved 1114112K
  class space    used 8935K, capacity 9395K, committed 9560K, reserved 1048576K
}
Event: 12591.726 GC heap before
{Heap before GC invocations=571 (full 28):
 PSYoungGen      total 556032K, used 556012K [0x0000000795580000, 0x00000007c0000000, 0x00000007c0000000)
  eden space 485888K, 100% used [0x0000000795580000,0x00000007b3000000,0x00000007b3000000)
  from space 70144K, 99% used [0x00000007bbb80000,0x00000007bfffb338,0x00000007c0000000)
  to   space 106496K, 0% used [0x00000007b3000000,0x00000007b3000000,0x00000007b9800000)
 ParOldGen       total 770560K, used 266541K [0x0000000740000000, 0x000000076f080000, 0x0000000795580000)
  object space 770560K, 34% used [0x0000000740000000,0x000000075044b628,0x000000076f080000)
 Metaspace       used 69830K, capacity 72880K, committed 73304K, reserved 1114112K
  class space    used 8935K, capacity 9395K, committed 9560K, reserved 1048576K
Event: 12592.000 GC heap after
Heap after GC invocations=571 (full 28):
 PSYoungGen      total 592384K, used 106466K [0x0000000795580000, 0x00000007c0000000, 0x00000007c0000000)
  eden space 485888K, 0% used [0x0000000795580000,0x0000000795580000,0x00000007b3000000)
  from space 106496K, 99% used [0x00000007b3000000,0x00000007b97f8850,0x00000007b9800000)
  to   space 106496K, 0% used [0x00000007b9800000,0x00000007b9800000,0x00000007c0000000)
 ParOldGen       total 770560K, used 293881K [0x0000000740000000, 0x000000076f080000, 0x0000000795580000)
  object space 770560K, 38% used [0x0000000740000000,0x0000000751efe558,0x000000076f080000)
 Metaspace       used 69830K, capacity 72880K, committed 73304K, reserved 1114112K
  class space    used 8935K, capacity 9395K, committed 9560K, reserved 1048576K
}
Event: 12592.994 GC heap before
{Heap before GC invocations=572 (full 28):
 PSYoungGen      total 592384K, used 592354K [0x0000000795580000, 0x00000007c0000000, 0x00000007c0000000)
  eden space 485888K, 100% used [0x0000000795580000,0x00000007b3000000,0x00000007b3000000)
  from space 106496K, 99% used [0x00000007b3000000,0x00000007b97f8850,0x00000007b9800000)
  to   space 106496K, 0% used [0x00000007b9800000,0x00000007b9800000,0x00000007c0000000)
 ParOldGen       total 770560K, used 293881K [0x0000000740000000, 0x000000076f080000, 0x0000000795580000)
  object space 770560K, 38% used [0x0000000740000000,0x0000000751efe558,0x000000076f080000)
 Metaspace       used 69830K, capacity 72880K, committed 73304K, reserved 1114112K
  class space    used 8935K, capacity 9395K, committed 9560K, reserved 1048576K
Event: 12593.475 GC heap after
Heap after GC invocations=572 (full 28):
 PSYoungGen      total 446976K, used 106479K [0x0000000795580000, 0x00000007c0000000, 0x00000007c0000000)
  eden space 340480K, 0% used [0x0000000795580000,0x0000000795580000,0x00000007aa200000)
  from space 106496K, 99% used [0x00000007b9800000,0x00000007bfffbc30,0x00000007c0000000)
  to   space 179200K, 0% used [0x00000007aa200000,0x00000007aa200000,0x00000007b5100000)
 ParOldGen       total 770560K, used 371293K [0x0000000740000000, 0x000000076f080000, 0x0000000795580000)
  object space 770560K, 48% used [0x0000000740000000,0x0000000756a97590,0x000000076f080000)
 Metaspace       used 69830K, capacity 72880K, committed 73304K, reserved 1114112K
  class space    used 8935K, capacity 9395K, committed 9560K, reserved 1048576K
}
Event: 12594.480 GC heap before
{Heap before GC invocations=573 (full 28):
 PSYoungGen      total 446976K, used 446959K [0x0000000795580000, 0x00000007c0000000, 0x00000007c0000000)
  eden space 340480K, 100% used [0x0000000795580000,0x00000007aa200000,0x00000007aa200000)
  from space 106496K, 99% used [0x00000007b9800000,0x00000007bfffbc30,0x00000007c0000000)
  to   space 179200K, 0% used [0x00000007aa200000,0x00000007aa200000,0x00000007b5100000)
 ParOldGen       total 770560K, used 371293K [0x0000000740000000, 0x000000076f080000, 0x0000000795580000)
  object space 770560K, 48% used [0x0000000740000000,0x0000000756a97590,0x000000076f080000)
 Metaspace       used 69830K, capacity 72880K, committed 73304K, reserved 1114112K
  class space    used 8935K, capacity 9395K, committed 9560K, reserved 1048576K
Event: 12595.081 GC heap after
Heap after GC invocations=573 (full 28):
 PSYoungGen      total 519680K, used 179179K [0x0000000795580000, 0x00000007c0000000, 0x00000007c0000000)
  eden space 340480K, 0% used [0x0000000795580000,0x0000000795580000,0x00000007aa200000)
  from space 179200K, 99% used [0x00000007aa200000,0x00000007b50fac78,0x00000007b5100000)
  to   space 179200K, 0% used [0x00000007b5100000,0x00000007b5100000,0x00000007c0000000)
 ParOldGen       total 770560K, used 485864K [0x0000000740000000, 0x000000076f080000, 0x0000000795580000)
  object space 770560K, 63% used [0x0000000740000000,0x000000075da7a300,0x000000076f080000)
 Metaspace       used 69830K, capacity 72880K, committed 73304K, reserved 1114112K
  class space    used 8935K, capacity 9395K, committed 9560K, reserved 1048576K
}
Event: 12596.145 GC heap before
{Heap before GC invocations=574 (full 28):
 PSYoungGen      total 519680K, used 519659K [0x0000000795580000, 0x00000007c0000000, 0x00000007c0000000)
  eden space 340480K, 100% used [0x0000000795580000,0x00000007aa200000,0x00000007aa200000)
  from space 179200K, 99% used [0x00000007aa200000,0x00000007b50fac78,0x00000007b5100000)
  to   space 179200K, 0% used [0x00000007b5100000,0x00000007b5100000,0x00000007c0000000)
 ParOldGen       total 770560K, used 485864K [0x0000000740000000, 0x000000076f080000, 0x0000000795580000)
  object space 770560K, 63% used [0x0000000740000000,0x000000075da7a300,0x000000076f080000)
 Metaspace       used 69830K, capacity 72880K, committed 73304K, reserved 1114112K
  class space    used 8935K, capacity 9395K, committed 9560K, reserved 1048576K
Event: 12596.717 GC heap after
Heap after GC invocations=574 (full 28):
 PSYoungGen      total 412160K, used 179173K [0x0000000795580000, 0x00000007c0000000, 0x00000007c0000000)
  eden space 232960K, 0% used [0x0000000795580000,0x0000000795580000,0x00000007a3900000)
  from space 179200K, 99% used [0x00000007b5100000,0x00000007bfff96a8,0x00000007c0000000)
  to   space 232960K, 0% used [0x00000007a3900000,0x00000007a3900000,0x00000007b1c80000)
 ParOldGen       total 770560K, used 564472K [0x0000000740000000, 0x000000076f080000, 0x0000000795580000)
  object space 770560K, 73% used [0x0000000740000000,0x000000076273e0d8,0x000000076f080000)
 Metaspace       used 69830K, capacity 72880K, committed 73304K, reserved 1114112K
  class space    used 8935K, capacity 9395K, committed 9560K, reserved 1048576K
}
Event: 12597.239 GC heap before
{Heap before GC invocations=575 (full 28):
 PSYoungGen      total 412160K, used 412133K [0x0000000795580000, 0x00000007c0000000, 0x00000007c0000000)
  eden space 232960K, 100% used [0x0000000795580000,0x00000007a3900000,0x00000007a3900000)
  from space 179200K, 99% used [0x00000007b5100000,0x00000007bfff96a8,0x00000007c0000000)
  to   space 232960K, 0% used [0x00000007a3900000,0x00000007a3900000,0x00000007b1c80000)
 ParOldGen       total 770560K, used 564472K [0x0000000740000000, 0x000000076f080000, 0x0000000795580000)
  object space 770560K, 73% used [0x0000000740000000,0x000000076273e0d8,0x000000076f080000)
 Metaspace       used 69830K, capacity 72880K, committed 73304K, reserved 1114112K
  class space    used 8935K, capacity 9395K, committed 9560K, reserved 1048576K

