# JRE version: Java(TM) SE Runtime Environment (8.0_101-b13) (build 1.8.0_101-b13)
# Java VM: Java HotSpot(TM) 64-Bit Server VM (25.101-b13 mixed mode bsd-amd64 compressed oops)
Heap:
 PSYoungGen      total 595968K, used 102895K [0x0000000795580000, 0x00000007c0000000, 0x00000007c0000000)
  eden space 493056K, 0% used [0x0000000795580000,0x0000000795580000,0x00000007b3700000)
  from space 102912K, 99% used [0x00000007b3700000,0x00000007b9b7bd28,0x00000007b9b80000)
  to   space 102912K, 0% used [0x00000007b9b80000,0x00000007b9b80000,0x00000007c0000000)
 ParOldGen       total 718336K, used 647332K [0x0000000740000000, 0x000000076bd80000, 0x0000000795580000)
  object space 718336K, 90% used [0x0000000740000000,0x0000000767829398,0x000000076bd80000)
 Metaspace       used 68930K, capacity 71986K, committed 72576K, reserved 1112064K
  class space    used 8765K, capacity 9250K, committed 9344K, reserved 1048576K
GC Heap History (10 events):
Event: 18794.262 GC heap after
Heap after GC invocations=572 (full 27):
 PSYoungGen      total 630272K, used 12246K [0x0000000795580000, 0x00000007c0000000, 0x00000007c0000000)
  eden space 574976K, 0% used [0x0000000795580000,0x0000000795580000,0x00000007b8700000)
  from space 55296K, 22% used [0x00000007b8700000,0x00000007b92f5ba0,0x00000007bbd00000)
  to   space 51712K, 0% used [0x00000007bcd80000,0x00000007bcd80000,0x00000007c0000000)
 ParOldGen       total 718336K, used 307788K [0x0000000740000000, 0x000000076bd80000, 0x0000000795580000)
  object space 718336K, 42% used [0x0000000740000000,0x0000000752c93350,0x000000076bd80000)
 Metaspace       used 68930K, capacity 71986K, committed 72576K, reserved 1112064K
  class space    used 8765K, capacity 9250K, committed 9344K, reserved 1048576K
}
Event: 18794.956 GC heap before
{Heap before GC invocations=573 (full 27):
 PSYoungGen      total 630272K, used 587222K [0x0000000795580000, 0x00000007c0000000, 0x00000007c0000000)
  eden space 574976K, 100% used [0x0000000795580000,0x00000007b8700000,0x00000007b8700000)
  from space 55296K, 22% used [0x00000007b8700000,0x00000007b92f5ba0,0x00000007bbd00000)
  to   space 51712K, 0% used [0x00000007bcd80000,0x00000007bcd80000,0x00000007c0000000)
 ParOldGen       total 718336K, used 307788K [0x0000000740000000, 0x000000076bd80000, 0x0000000795580000)
  object space 718336K, 42% used [0x0000000740000000,0x0000000752c93350,0x000000076bd80000)
 Metaspace       used 68930K, capacity 71986K, committed 72576K, reserved 1112064K
  class space    used 8765K, capacity 9250K, committed 9344K, reserved 1048576K
Event: 18801.280 GC heap after
Heap after GC invocations=573 (full 27):
 PSYoungGen      total 595968K, used 51691K [0x0000000795580000, 0x00000007c0000000, 0x00000007c0000000)
  eden space 544256K, 0% used [0x0000000795580000,0x0000000795580000,0x00000007b6900000)
  from space 51712K, 99% used [0x00000007bcd80000,0x00000007bfffac40,0x00000007c0000000)
  to   space 77312K, 0% used [0x00000007b6900000,0x00000007b6900000,0x00000007bb480000)
 ParOldGen       total 718336K, used 346782K [0x0000000740000000, 0x000000076bd80000, 0x0000000795580000)
  object space 718336K, 48% used [0x0000000740000000,0x00000007552a7b38,0x000000076bd80000)
 Metaspace       used 68930K, capacity 71986K, committed 72576K, reserved 1112064K
  class space    used 8765K, capacity 9250K, committed 9344K, reserved 1048576K
}
Event: 18802.032 GC heap before
{Heap before GC invocations=574 (full 27):
 PSYoungGen      total 595968K, used 595947K [0x0000000795580000, 0x00000007c0000000, 0x00000007c0000000)
  eden space 544256K, 100% used [0x0000000795580000,0x00000007b6900000,0x00000007b6900000)
  from space 51712K, 99% used [0x00000007bcd80000,0x00000007bfffac40,0x00000007c0000000)
  to   space 77312K, 0% used [0x00000007b6900000,0x00000007b6900000,0x00000007bb480000)
 ParOldGen       total 718336K, used 346782K [0x0000000740000000, 0x000000076bd80000, 0x0000000795580000)
  object space 718336K, 48% used [0x0000000740000000,0x00000007552a7b38,0x000000076bd80000)
 Metaspace       used 68930K, capacity 71986K, committed 72576K, reserved 1112064K
  class space    used 8765K, capacity 9250K, committed 9344K, reserved 1048576K
Event: 18808.158 GC heap after
Heap after GC invocations=574 (full 27):
 PSYoungGen      total 615936K, used 71455K [0x0000000795580000, 0x00000007c0000000, 0x00000007c0000000)
  eden space 544256K, 0% used [0x0000000795580000,0x0000000795580000,0x00000007b6900000)
  from space 71680K, 99% used [0x00000007b6900000,0x00000007baec7e70,0x00000007baf00000)
  to   space 82944K, 0% used [0x00000007baf00000,0x00000007baf00000,0x00000007c0000000)
 ParOldGen       total 718336K, used 398010K [0x0000000740000000, 0x000000076bd80000, 0x0000000795580000)
  object space 718336K, 55% used [0x0000000740000000,0x00000007584aea68,0x000000076bd80000)
 Metaspace       used 68930K, capacity 71986K, committed 72576K, reserved 1112064K
  class space    used 8765K, capacity 9250K, committed 9344K, reserved 1048576K
}
Event: 18808.840 GC heap before
{Heap before GC invocations=575 (full 27):
 PSYoungGen      total 615936K, used 615711K [0x0000000795580000, 0x00000007c0000000, 0x00000007c0000000)
  eden space 544256K, 100% used [0x0000000795580000,0x00000007b6900000,0x00000007b6900000)
  from space 71680K, 99% used [0x00000007b6900000,0x00000007baec7e70,0x00000007baf00000)
  to   space 82944K, 0% used [0x00000007baf00000,0x00000007baf00000,0x00000007c0000000)
 ParOldGen       total 718336K, used 398010K [0x0000000740000000, 0x000000076bd80000, 0x0000000795580000)
  object space 718336K, 55% used [0x0000000740000000,0x00000007584aea68,0x000000076bd80000)
 Metaspace       used 68930K, capacity 71986K, committed 72576K, reserved 1112064K
  class space    used 8765K, capacity 9250K, committed 9344K, reserved 1048576K
Event: 18810.491 GC heap after
Heap after GC invocations=575 (full 27):
 PSYoungGen      total 576000K, used 73462K [0x0000000795580000, 0x00000007c0000000, 0x00000007c0000000)
  eden space 493056K, 0% used [0x0000000795580000,0x0000000795580000,0x00000007b3700000)
  from space 82944K, 88% used [0x00000007baf00000,0x00000007bf6bda30,0x00000007c0000000)
  to   space 102912K, 0% used [0x00000007b3700000,0x00000007b3700000,0x00000007b9b80000)
 ParOldGen       total 718336K, used 467263K [0x0000000740000000, 0x000000076bd80000, 0x0000000795580000)
  object space 718336K, 65% used [0x0000000740000000,0x000000075c84ffb8,0x000000076bd80000)
 Metaspace       used 68930K, capacity 71986K, committed 72576K, reserved 1112064K
  class space    used 8765K, capacity 9250K, committed 9344K, reserved 1048576K
}
Event: 18812.058 GC heap before
{Heap before GC invocations=576 (full 27):
 PSYoungGen      total 576000K, used 566518K [0x0000000795580000, 0x00000007c0000000, 0x00000007c0000000)
  eden space 493056K, 100% used [0x0000000795580000,0x00000007b3700000,0x00000007b3700000)
  from space 82944K, 88% used [0x00000007baf00000,0x00000007bf6bda30,0x00000007c0000000)
  to   space 102912K, 0% used [0x00000007b3700000,0x00000007b3700000,0x00000007b9b80000)
 ParOldGen       total 718336K, used 467263K [0x0000000740000000, 0x000000076bd80000, 0x0000000795580000)
  object space 718336K, 65% used [0x0000000740000000,0x000000075c84ffb8,0x000000076bd80000)
 Metaspace       used 68930K, capacity 71986K, committed 72576K, reserved 1112064K
  class space    used 8765K, capacity 9250K, committed 9344K, reserved 1048576K
Event: 18824.323 GC heap after
Heap after GC invocations=576 (full 27):
 PSYoungGen      total 595968K, used 102895K [0x0000000795580000, 0x00000007c0000000, 0x00000007c0000000)
  eden space 493056K, 0% used [0x0000000795580000,0x0000000795580000,0x00000007b3700000)
  from space 102912K, 99% used [0x00000007b3700000,0x00000007b9b7bd28,0x00000007b9b80000)
  to   space 102912K, 0% used [0x00000007b9b80000,0x00000007b9b80000,0x00000007c0000000)
 ParOldGen       total 718336K, used 647332K [0x0000000740000000, 0x000000076bd80000, 0x0000000795580000)
  object space 718336K, 90% used [0x0000000740000000,0x0000000767829398,0x000000076bd80000)
 Metaspace       used 68930K, capacity 71986K, committed 72576K, reserved 1112064K
  class space    used 8765K, capacity 9250K, committed 9344K, reserved 1048576K
}
Event: 18824.323 GC heap before
{Heap before GC invocations=577 (full 28):
 PSYoungGen      total 595968K, used 102895K [0x0000000795580000, 0x00000007c0000000, 0x00000007c0000000)
  eden space 493056K, 0% used [0x0000000795580000,0x0000000795580000,0x00000007b3700000)
  from space 102912K, 99% used [0x00000007b3700000,0x00000007b9b7bd28,0x00000007b9b80000)
  to   space 102912K, 0% used [0x00000007b9b80000,0x00000007b9b80000,0x00000007c0000000)
 ParOldGen       total 718336K, used 647332K [0x0000000740000000, 0x000000076bd80000, 0x0000000795580000)
  object space 718336K, 90% used [0x0000000740000000,0x0000000767829398,0x000000076bd80000)
 Metaspace       used 68930K, capacity 71986K, committed 72576K, reserved 1112064K
  class space    used 8765K, capacity 9250K, committed 9344K, reserved 1048576K

