# JRE version: Java(TM) SE Runtime Environment (8.0_101-b13) (build 1.8.0_101-b13)
# Java VM: Java HotSpot(TM) 64-Bit Server VM (25.101-b13 mixed mode bsd-amd64 compressed oops)
Heap:
 PSYoungGen      total 515072K, used 20551K [0x0000000795580000, 0x00000007c0000000, 0x00000007c0000000)
  eden space 338432K, 6% used [0x0000000795580000,0x0000000796991fa0,0x00000007aa000000)
  from space 176640K, 0% used [0x00000007aa000000,0x00000007aa000000,0x00000007b4c80000)
  to   space 176128K, 0% used [0x00000007b5400000,0x00000007b5400000,0x00000007c0000000)
 ParOldGen       total 837120K, used 77582K [0x0000000740000000, 0x0000000773180000, 0x0000000795580000)
  object space 837120K, 9% used [0x0000000740000000,0x0000000744bc3800,0x0000000773180000)
 Metaspace       used 78835K, capacity 84112K, committed 84224K, reserved 1122304K
  class space    used 9964K, capacity 10671K, committed 10752K, reserved 1048576K
GC Heap History (10 events):
Event: 27711.689 GC heap before
{Heap before GC invocations=749 (full 46):
 PSYoungGen      total 505856K, used 395733K [0x0000000795580000, 0x00000007c0000000, 0x00000007c0000000)
  eden space 336384K, 100% used [0x0000000795580000,0x00000007a9e00000,0x00000007a9e00000)
  from space 169472K, 35% used [0x00000007b5a80000,0x00000007b94754e0,0x00000007c0000000)
  to   space 181248K, 0% used [0x00000007a9e00000,0x00000007a9e00000,0x00000007b4f00000)
 ParOldGen       total 837120K, used 658817K [0x0000000740000000, 0x0000000773180000, 0x0000000795580000)
  object space 837120K, 78% used [0x0000000740000000,0x0000000768360608,0x0000000773180000)
 Metaspace       used 78646K, capacity 83702K, committed 83968K, reserved 1122304K
  class space    used 9930K, capacity 10634K, committed 10752K, reserved 1048576K
Event: 27711.948 GC heap after
Heap after GC invocations=749 (full 46):
 PSYoungGen      total 438272K, used 101403K [0x0000000795580000, 0x00000007c0000000, 0x00000007c0000000)
  eden space 336384K, 0% used [0x0000000795580000,0x0000000795580000,0x00000007a9e00000)
  from space 101888K, 99% used [0x00000007a9e00000,0x00000007b0106c80,0x00000007b0180000)
  to   space 183808K, 0% used [0x00000007b4c80000,0x00000007b4c80000,0x00000007c0000000)
 ParOldGen       total 837120K, used 713957K [0x0000000740000000, 0x0000000773180000, 0x0000000795580000)
  object space 837120K, 85% used [0x0000000740000000,0x000000076b939640,0x0000000773180000)
 Metaspace       used 78646K, capacity 83702K, committed 83968K, reserved 1122304K
  class space    used 9930K, capacity 10634K, committed 10752K, reserved 1048576K
}
Event: 27723.783 GC heap before
{Heap before GC invocations=750 (full 46):
 PSYoungGen      total 438272K, used 421587K [0x0000000795580000, 0x00000007c0000000, 0x00000007c0000000)
  eden space 336384K, 95% used [0x0000000795580000,0x00000007a8e2e248,0x00000007a9e00000)
  from space 101888K, 99% used [0x00000007a9e00000,0x00000007b0106c80,0x00000007b0180000)
  to   space 183808K, 0% used [0x00000007b4c80000,0x00000007b4c80000,0x00000007c0000000)
 ParOldGen       total 837120K, used 713957K [0x0000000740000000, 0x0000000773180000, 0x0000000795580000)
  object space 837120K, 85% used [0x0000000740000000,0x000000076b939640,0x0000000773180000)
 Metaspace       used 78659K, capacity 83712K, committed 83968K, reserved 1122304K
  class space    used 9931K, capacity 10635K, committed 10752K, reserved 1048576K
Event: 27723.882 GC heap after
Heap after GC invocations=750 (full 46):
 PSYoungGen      total 522240K, used 38326K [0x0000000795580000, 0x00000007c0000000, 0x00000007c0000000)
  eden space 338432K, 0% used [0x0000000795580000,0x0000000795580000,0x00000007aa000000)
  from space 183808K, 20% used [0x00000007b4c80000,0x00000007b71edaf0,0x00000007c0000000)
  to   space 176640K, 0% used [0x00000007aa000000,0x00000007aa000000,0x00000007b4c80000)
 ParOldGen       total 837120K, used 724439K [0x0000000740000000, 0x0000000773180000, 0x0000000795580000)
  object space 837120K, 86% used [0x0000000740000000,0x000000076c375fe8,0x0000000773180000)
 Metaspace       used 78659K, capacity 83712K, committed 83968K, reserved 1122304K
  class space    used 9931K, capacity 10635K, committed 10752K, reserved 1048576K
}
Event: 27723.882 GC heap before
{Heap before GC invocations=751 (full 47):
 PSYoungGen      total 522240K, used 38326K [0x0000000795580000, 0x00000007c0000000, 0x00000007c0000000)
  eden space 338432K, 0% used [0x0000000795580000,0x0000000795580000,0x00000007aa000000)
  from space 183808K, 20% used [0x00000007b4c80000,0x00000007b71edaf0,0x00000007c0000000)
  to   space 176640K, 0% used [0x00000007aa000000,0x00000007aa000000,0x00000007b4c80000)
 ParOldGen       total 837120K, used 724439K [0x0000000740000000, 0x0000000773180000, 0x0000000795580000)
  object space 837120K, 86% used [0x0000000740000000,0x000000076c375fe8,0x0000000773180000)
 Metaspace       used 78659K, capacity 83712K, committed 83968K, reserved 1122304K
  class space    used 9931K, capacity 10635K, committed 10752K, reserved 1048576K
Event: 27724.818 GC heap after
Heap after GC invocations=751 (full 47):
 PSYoungGen      total 522240K, used 0K [0x0000000795580000, 0x00000007c0000000, 0x00000007c0000000)
  eden space 338432K, 0% used [0x0000000795580000,0x0000000795580000,0x00000007aa000000)
  from space 183808K, 0% used [0x00000007b4c80000,0x00000007b4c80000,0x00000007c0000000)
  to   space 176640K, 0% used [0x00000007aa000000,0x00000007aa000000,0x00000007b4c80000)
 ParOldGen       total 837120K, used 78494K [0x0000000740000000, 0x0000000773180000, 0x0000000795580000)
  object space 837120K, 9% used [0x0000000740000000,0x0000000744ca7b48,0x0000000773180000)
 Metaspace       used 78644K, capacity 83688K, committed 83968K, reserved 1122304K
  class space    used 9928K, capacity 10631K, committed 10752K, reserved 1048576K
}
Event: 27864.987 GC heap before
{Heap before GC invocations=752 (full 47):
 PSYoungGen      total 522240K, used 22177K [0x0000000795580000, 0x00000007c0000000, 0x00000007c0000000)
  eden space 338432K, 6% used [0x0000000795580000,0x0000000796b28518,0x00000007aa000000)
  from space 183808K, 0% used [0x00000007b4c80000,0x00000007b4c80000,0x00000007c0000000)
  to   space 176640K, 0% used [0x00000007aa000000,0x00000007aa000000,0x00000007b4c80000)
 ParOldGen       total 837120K, used 78494K [0x0000000740000000, 0x0000000773180000, 0x0000000795580000)
  object space 837120K, 9% used [0x0000000740000000,0x0000000744ca7b48,0x0000000773180000)
 Metaspace       used 78706K, capacity 83852K, committed 84224K, reserved 1122304K
  class space    used 9940K, capacity 10641K, committed 10752K, reserved 1048576K
Event: 27865.038 GC heap after
Heap after GC invocations=752 (full 47):
 PSYoungGen      total 515072K, used 517K [0x0000000795580000, 0x00000007c0000000, 0x00000007c0000000)
  eden space 338432K, 0% used [0x0000000795580000,0x0000000795580000,0x00000007aa000000)
  from space 176640K, 0% used [0x00000007aa000000,0x00000007aa0814b8,0x00000007b4c80000)
  to   space 176128K, 0% used [0x00000007b5400000,0x00000007b5400000,0x00000007c0000000)
 ParOldGen       total 837120K, used 78494K [0x0000000740000000, 0x0000000773180000, 0x0000000795580000)
  object space 837120K, 9% used [0x0000000740000000,0x0000000744ca7b48,0x0000000773180000)
 Metaspace       used 78706K, capacity 83852K, committed 84224K, reserved 1122304K
  class space    used 9940K, capacity 10641K, committed 10752K, reserved 1048576K
}
Event: 27865.038 GC heap before
{Heap before GC invocations=753 (full 48):
 PSYoungGen      total 515072K, used 517K [0x0000000795580000, 0x00000007c0000000, 0x00000007c0000000)
  eden space 338432K, 0% used [0x0000000795580000,0x0000000795580000,0x00000007aa000000)
  from space 176640K, 0% used [0x00000007aa000000,0x00000007aa0814b8,0x00000007b4c80000)
  to   space 176128K, 0% used [0x00000007b5400000,0x00000007b5400000,0x00000007c0000000)
 ParOldGen       total 837120K, used 78494K [0x0000000740000000, 0x0000000773180000, 0x0000000795580000)
  object space 837120K, 9% used [0x0000000740000000,0x0000000744ca7b48,0x0000000773180000)
 Metaspace       used 78706K, capacity 83852K, committed 84224K, reserved 1122304K
  class space    used 9940K, capacity 10641K, committed 10752K, reserved 1048576K
Event: 27865.703 GC heap after
Heap after GC invocations=753 (full 48):
 PSYoungGen      total 515072K, used 0K [0x0000000795580000, 0x00000007c0000000, 0x00000007c0000000)
  eden space 338432K, 0% used [0x0000000795580000,0x0000000795580000,0x00000007aa000000)
  from space 176640K, 0% used [0x00000007aa000000,0x00000007aa000000,0x00000007b4c80000)
  to   space 176128K, 0% used [0x00000007b5400000,0x00000007b5400000,0x00000007c0000000)
 ParOldGen       total 837120K, used 77582K [0x0000000740000000, 0x0000000773180000, 0x0000000795580000)
  object space 837120K, 9% used [0x0000000740000000,0x0000000744bc3800,0x0000000773180000)
 Metaspace       used 78706K, capacity 83852K, committed 84224K, reserved 1122304K
  class space    used 9940K, capacity 10641K, committed 10752K, reserved 1048576K
}

