# JRE version: Java(TM) SE Runtime Environment (8.0_101-b13) (build 1.8.0_101-b13)
# Java VM: Java HotSpot(TM) 64-Bit Server VM (25.101-b13 mixed mode bsd-amd64 compressed oops)
Heap:
 PSYoungGen      total 541696K, used 541673K [0x0000000795580000, 0x00000007c0000000, 0x00000007c0000000)
  eden space 384512K, 100% used [0x0000000795580000,0x00000007acd00000,0x00000007acd00000)
  from space 157184K, 99% used [0x00000007acd00000,0x00000007b667a5b8,0x00000007b6680000)
  to   space 157184K, 99% used [0x00000007b6680000,0x00000007bfffe908,0x00000007c0000000)
 ParOldGen       total 641536K, used 262783K [0x0000000740000000, 0x0000000767280000, 0x0000000795580000)
  object space 641536K, 40% used [0x0000000740000000,0x00000007500a3c08,0x0000000767280000)
 Metaspace       used 72224K, capacity 74992K, committed 75136K, reserved 1114112K
  class space    used 9399K, capacity 9991K, committed 10112K, reserved 1048576K
GC Heap History (10 events):
Event: 8570.744 GC heap after
Heap after GC invocations=114 (full 13):
 PSYoungGen      total 565248K, used 26800K [0x0000000795580000, 0x00000007bda00000, 0x00000007c0000000)
  eden space 474112K, 0% used [0x0000000795580000,0x0000000795580000,0x00000007b2480000)
  from space 91136K, 29% used [0x00000007b2480000,0x00000007b3eac010,0x00000007b7d80000)
  to   space 85504K, 0% used [0x00000007b8680000,0x00000007b8680000,0x00000007bda00000)
 ParOldGen       total 641536K, used 165437K [0x0000000740000000, 0x0000000767280000, 0x0000000795580000)
  object space 641536K, 25% used [0x0000000740000000,0x000000074a18f440,0x0000000767280000)
 Metaspace       used 72214K, capacity 74992K, committed 75136K, reserved 1114112K
  class space    used 9399K, capacity 9991K, committed 10112K, reserved 1048576K
}
Event: 8575.217 GC heap before
{Heap before GC invocations=115 (full 13):
 PSYoungGen      total 565248K, used 500912K [0x0000000795580000, 0x00000007bda00000, 0x00000007c0000000)
  eden space 474112K, 100% used [0x0000000795580000,0x00000007b2480000,0x00000007b2480000)
  from space 91136K, 29% used [0x00000007b2480000,0x00000007b3eac010,0x00000007b7d80000)
  to   space 85504K, 0% used [0x00000007b8680000,0x00000007b8680000,0x00000007bda00000)
 ParOldGen       total 641536K, used 165437K [0x0000000740000000, 0x0000000767280000, 0x0000000795580000)
  object space 641536K, 25% used [0x0000000740000000,0x000000074a18f440,0x0000000767280000)
 Metaspace       used 72216K, capacity 74992K, committed 75136K, reserved 1114112K
  class space    used 9399K, capacity 9991K, committed 10112K, reserved 1048576K
Event: 8575.408 GC heap after
Heap after GC invocations=115 (full 13):
 PSYoungGen      total 566272K, used 66470K [0x0000000795580000, 0x00000007bec00000, 0x00000007c0000000)
  eden space 480768K, 0% used [0x0000000795580000,0x0000000795580000,0x00000007b2b00000)
  from space 85504K, 77% used [0x00000007b8680000,0x00000007bc769b70,0x00000007bda00000)
  to   space 93696K, 0% used [0x00000007b2b00000,0x00000007b2b00000,0x00000007b8680000)
 ParOldGen       total 641536K, used 166379K [0x0000000740000000, 0x0000000767280000, 0x0000000795580000)
  object space 641536K, 25% used [0x0000000740000000,0x000000074a27ac28,0x0000000767280000)
 Metaspace       used 72216K, capacity 74992K, committed 75136K, reserved 1114112K
  class space    used 9399K, capacity 9991K, committed 10112K, reserved 1048576K
}
Event: 8576.814 GC heap before
{Heap before GC invocations=116 (full 13):
 PSYoungGen      total 566272K, used 547238K [0x0000000795580000, 0x00000007bec00000, 0x00000007c0000000)
  eden space 480768K, 100% used [0x0000000795580000,0x00000007b2b00000,0x00000007b2b00000)
  from space 85504K, 77% used [0x00000007b8680000,0x00000007bc769b70,0x00000007bda00000)
  to   space 93696K, 0% used [0x00000007b2b00000,0x00000007b2b00000,0x00000007b8680000)
 ParOldGen       total 641536K, used 166379K [0x0000000740000000, 0x0000000767280000, 0x0000000795580000)
  object space 641536K, 25% used [0x0000000740000000,0x000000074a27ac28,0x0000000767280000)
 Metaspace       used 72221K, capacity 74992K, committed 75136K, reserved 1114112K
  class space    used 9399K, capacity 9991K, committed 10112K, reserved 1048576K
Event: 8577.166 GC heap after
Heap after GC invocations=116 (full 13):
 PSYoungGen      total 574464K, used 93664K [0x0000000795580000, 0x00000007c0000000, 0x00000007c0000000)
  eden space 480768K, 0% used [0x0000000795580000,0x0000000795580000,0x00000007b2b00000)
  from space 93696K, 99% used [0x00000007b2b00000,0x00000007b8678138,0x00000007b8680000)
  to   space 123392K, 0% used [0x00000007b8780000,0x00000007b8780000,0x00000007c0000000)
 ParOldGen       total 641536K, used 202424K [0x0000000740000000, 0x0000000767280000, 0x0000000795580000)
  object space 641536K, 31% used [0x0000000740000000,0x000000074c5ae3f0,0x0000000767280000)
 Metaspace       used 72221K, capacity 74992K, committed 75136K, reserved 1114112K
  class space    used 9399K, capacity 9991K, committed 10112K, reserved 1048576K
}
Event: 8578.419 GC heap before
{Heap before GC invocations=117 (full 13):
 PSYoungGen      total 574464K, used 574432K [0x0000000795580000, 0x00000007c0000000, 0x00000007c0000000)
  eden space 480768K, 100% used [0x0000000795580000,0x00000007b2b00000,0x00000007b2b00000)
  from space 93696K, 99% used [0x00000007b2b00000,0x00000007b8678138,0x00000007b8680000)
  to   space 123392K, 0% used [0x00000007b8780000,0x00000007b8780000,0x00000007c0000000)
 ParOldGen       total 641536K, used 202424K [0x0000000740000000, 0x0000000767280000, 0x0000000795580000)
  object space 641536K, 31% used [0x0000000740000000,0x000000074c5ae3f0,0x0000000767280000)
 Metaspace       used 72221K, capacity 74992K, committed 75136K, reserved 1114112K
  class space    used 9399K, capacity 9991K, committed 10112K, reserved 1048576K
Event: 8578.880 GC heap after
Heap after GC invocations=117 (full 13):
 PSYoungGen      total 507904K, used 123381K [0x0000000795580000, 0x00000007c0000000, 0x00000007c0000000)
  eden space 384512K, 0% used [0x0000000795580000,0x0000000795580000,0x00000007acd00000)
  from space 123392K, 99% used [0x00000007b8780000,0x00000007bfffd578,0x00000007c0000000)
  to   space 157184K, 0% used [0x00000007acd00000,0x00000007acd00000,0x00000007b6680000)
 ParOldGen       total 641536K, used 234844K [0x0000000740000000, 0x0000000767280000, 0x0000000795580000)
  object space 641536K, 36% used [0x0000000740000000,0x000000074e557240,0x0000000767280000)
 Metaspace       used 72221K, capacity 74992K, committed 75136K, reserved 1114112K
  class space    used 9399K, capacity 9991K, committed 10112K, reserved 1048576K
}
Event: 8579.916 GC heap before
{Heap before GC invocations=118 (full 13):
 PSYoungGen      total 507904K, used 507893K [0x0000000795580000, 0x00000007c0000000, 0x00000007c0000000)
  eden space 384512K, 100% used [0x0000000795580000,0x00000007acd00000,0x00000007acd00000)
  from space 123392K, 99% used [0x00000007b8780000,0x00000007bfffd578,0x00000007c0000000)
  to   space 157184K, 0% used [0x00000007acd00000,0x00000007acd00000,0x00000007b6680000)
 ParOldGen       total 641536K, used 234844K [0x0000000740000000, 0x0000000767280000, 0x0000000795580000)
  object space 641536K, 36% used [0x0000000740000000,0x000000074e557240,0x0000000767280000)
 Metaspace       used 72223K, capacity 74992K, committed 75136K, reserved 1114112K
  class space    used 9399K, capacity 9991K, committed 10112K, reserved 1048576K
Event: 8580.288 GC heap after
Heap after GC invocations=118 (full 13):
 PSYoungGen      total 541696K, used 157161K [0x0000000795580000, 0x00000007c0000000, 0x00000007c0000000)
  eden space 384512K, 0% used [0x0000000795580000,0x0000000795580000,0x00000007acd00000)
  from space 157184K, 99% used [0x00000007acd00000,0x00000007b667a5b8,0x00000007b6680000)
  to   space 157184K, 0% used [0x00000007b6680000,0x00000007b6680000,0x00000007c0000000)
 ParOldGen       total 641536K, used 248175K [0x0000000740000000, 0x0000000767280000, 0x0000000795580000)
  object space 641536K, 38% used [0x0000000740000000,0x000000074f25bf88,0x0000000767280000)
 Metaspace       used 72223K, capacity 74992K, committed 75136K, reserved 1114112K
  class space    used 9399K, capacity 9991K, committed 10112K, reserved 1048576K
}
Event: 8582.377 GC heap before
{Heap before GC invocations=119 (full 13):
 PSYoungGen      total 541696K, used 541673K [0x0000000795580000, 0x00000007c0000000, 0x00000007c0000000)
  eden space 384512K, 100% used [0x0000000795580000,0x00000007acd00000,0x00000007acd00000)
  from space 157184K, 99% used [0x00000007acd00000,0x00000007b667a5b8,0x00000007b6680000)
  to   space 157184K, 0% used [0x00000007b6680000,0x00000007b6680000,0x00000007c0000000)
 ParOldGen       total 641536K, used 248175K [0x0000000740000000, 0x0000000767280000, 0x0000000795580000)
  object space 641536K, 38% used [0x0000000740000000,0x000000074f25bf88,0x0000000767280000)
 Metaspace       used 72224K, capacity 74992K, committed 75136K, reserved 1114112K
  class space    used 9399K, capacity 9991K, committed 10112K, reserved 1048576K

