# JRE version: Java(TM) SE Runtime Environment (8.0_101-b13) (build 1.8.0_101-b13)
# Java VM: Java HotSpot(TM) 64-Bit Server VM (25.101-b13 mixed mode bsd-amd64 compressed oops)
Heap:
 PSYoungGen      total 605184K, used 605155K [0x0000000795580000, 0x00000007c0000000, 0x00000007c0000000)
  eden space 560640K, 100% used [0x0000000795580000,0x00000007b7900000,0x00000007b7900000)
  from space 44544K, 99% used [0x00000007bd480000,0x00000007bfff8f08,0x00000007c0000000)
  to   space 69120K, 99% used [0x00000007b7900000,0x00000007bbc7a608,0x00000007bbc80000)
 ParOldGen       total 273920K, used 273351K [0x0000000740000000, 0x0000000750b80000, 0x0000000795580000)
  object space 273920K, 99% used [0x0000000740000000,0x0000000750af1d30,0x0000000750b80000)
 Metaspace       used 62861K, capacity 64050K, committed 64256K, reserved 1105920K
  class space    used 8261K, capacity 8621K, committed 8704K, reserved 1048576K
GC Heap History (10 events):
Event: 734.295 GC heap after
Heap after GC invocations=55 (full 5):
 PSYoungGen      total 610816K, used 17663K [0x0000000795580000, 0x00000007bd980000, 0x00000007c0000000)
  eden space 570368K, 0% used [0x0000000795580000,0x0000000795580000,0x00000007b8280000)
  from space 40448K, 43% used [0x00000007bb200000,0x00000007bc33fea0,0x00000007bd980000)
  to   space 44544K, 0% used [0x00000007b8280000,0x00000007b8280000,0x00000007bae00000)
 ParOldGen       total 261632K, used 179068K [0x0000000740000000, 0x000000074ff80000, 0x0000000795580000)
  object space 261632K, 68% used [0x0000000740000000,0x000000074aedf390,0x000000074ff80000)
 Metaspace       used 59651K, capacity 60782K, committed 61184K, reserved 1101824K
  class space    used 7991K, capacity 8327K, committed 8448K, reserved 1048576K
}
Event: 747.884 GC heap before
{Heap before GC invocations=56 (full 5):
 PSYoungGen      total 610816K, used 588031K [0x0000000795580000, 0x00000007bd980000, 0x00000007c0000000)
  eden space 570368K, 100% used [0x0000000795580000,0x00000007b8280000,0x00000007b8280000)
  from space 40448K, 43% used [0x00000007bb200000,0x00000007bc33fea0,0x00000007bd980000)
  to   space 44544K, 0% used [0x00000007b8280000,0x00000007b8280000,0x00000007bae00000)
 ParOldGen       total 261632K, used 179068K [0x0000000740000000, 0x000000074ff80000, 0x0000000795580000)
  object space 261632K, 68% used [0x0000000740000000,0x000000074aedf390,0x000000074ff80000)
 Metaspace       used 59912K, capacity 61070K, committed 61440K, reserved 1101824K
  class space    used 8027K, capacity 8359K, committed 8448K, reserved 1048576K
Event: 747.948 GC heap after
Heap after GC invocations=56 (full 5):
 PSYoungGen      total 614912K, used 20283K [0x0000000795580000, 0x00000007be880000, 0x00000007c0000000)
  eden space 570368K, 0% used [0x0000000795580000,0x0000000795580000,0x00000007b8280000)
  from space 44544K, 45% used [0x00000007b8280000,0x00000007b964ec50,0x00000007bae00000)
  to   space 42496K, 0% used [0x00000007bbf00000,0x00000007bbf00000,0x00000007be880000)
 ParOldGen       total 261632K, used 179148K [0x0000000740000000, 0x000000074ff80000, 0x0000000795580000)
  object space 261632K, 68% used [0x0000000740000000,0x000000074aef3390,0x000000074ff80000)
 Metaspace       used 59912K, capacity 61070K, committed 61440K, reserved 1101824K
  class space    used 8027K, capacity 8359K, committed 8448K, reserved 1048576K
}
Event: 755.483 GC heap before
{Heap before GC invocations=57 (full 5):
 PSYoungGen      total 614912K, used 590651K [0x0000000795580000, 0x00000007be880000, 0x00000007c0000000)
  eden space 570368K, 100% used [0x0000000795580000,0x00000007b8280000,0x00000007b8280000)
  from space 44544K, 45% used [0x00000007b8280000,0x00000007b964ec50,0x00000007bae00000)
  to   space 42496K, 0% used [0x00000007bbf00000,0x00000007bbf00000,0x00000007be880000)
 ParOldGen       total 261632K, used 179148K [0x0000000740000000, 0x000000074ff80000, 0x0000000795580000)
  object space 261632K, 68% used [0x0000000740000000,0x000000074aef3390,0x000000074ff80000)
 Metaspace       used 60043K, capacity 61198K, committed 61440K, reserved 1101824K
  class space    used 8031K, capacity 8359K, committed 8448K, reserved 1048576K
Event: 755.561 GC heap after
Heap after GC invocations=57 (full 5):
 PSYoungGen      total 631808K, used 26006K [0x0000000795580000, 0x00000007bea00000, 0x00000007c0000000)
  eden space 589312K, 0% used [0x0000000795580000,0x0000000795580000,0x00000007b9500000)
  from space 42496K, 61% used [0x00000007bbf00000,0x00000007bd865890,0x00000007be880000)
  to   space 43008K, 0% used [0x00000007b9500000,0x00000007b9500000,0x00000007bbf00000)
 ParOldGen       total 261632K, used 179220K [0x0000000740000000, 0x000000074ff80000, 0x0000000795580000)
  object space 261632K, 68% used [0x0000000740000000,0x000000074af05390,0x000000074ff80000)
 Metaspace       used 60043K, capacity 61198K, committed 61440K, reserved 1101824K
  class space    used 8031K, capacity 8359K, committed 8448K, reserved 1048576K
}
Event: 759.149 GC heap before
{Heap before GC invocations=58 (full 5):
 PSYoungGen      total 631808K, used 615318K [0x0000000795580000, 0x00000007bea00000, 0x00000007c0000000)
  eden space 589312K, 100% used [0x0000000795580000,0x00000007b9500000,0x00000007b9500000)
  from space 42496K, 61% used [0x00000007bbf00000,0x00000007bd865890,0x00000007be880000)
  to   space 43008K, 0% used [0x00000007b9500000,0x00000007b9500000,0x00000007bbf00000)
 ParOldGen       total 261632K, used 179220K [0x0000000740000000, 0x000000074ff80000, 0x0000000795580000)
  object space 261632K, 68% used [0x0000000740000000,0x000000074af05390,0x000000074ff80000)
 Metaspace       used 60050K, capacity 61198K, committed 61440K, reserved 1101824K
  class space    used 8031K, capacity 8359K, committed 8448K, reserved 1048576K
Event: 759.214 GC heap after
Heap after GC invocations=58 (full 5):
 PSYoungGen      total 632320K, used 29488K [0x0000000795580000, 0x00000007c0000000, 0x00000007c0000000)
  eden space 589312K, 0% used [0x0000000795580000,0x0000000795580000,0x00000007b9500000)
  from space 43008K, 68% used [0x00000007b9500000,0x00000007bb1cc010,0x00000007bbf00000)
  to   space 44544K, 0% used [0x00000007bd480000,0x00000007bd480000,0x00000007c0000000)
 ParOldGen       total 261632K, used 179364K [0x0000000740000000, 0x000000074ff80000, 0x0000000795580000)
  object space 261632K, 68% used [0x0000000740000000,0x000000074af29390,0x000000074ff80000)
 Metaspace       used 60050K, capacity 61198K, committed 61440K, reserved 1101824K
  class space    used 8031K, capacity 8359K, committed 8448K, reserved 1048576K
}
Event: 774.966 GC heap before
{Heap before GC invocations=59 (full 5):
 PSYoungGen      total 632320K, used 618800K [0x0000000795580000, 0x00000007c0000000, 0x00000007c0000000)
  eden space 589312K, 100% used [0x0000000795580000,0x00000007b9500000,0x00000007b9500000)
  from space 43008K, 68% used [0x00000007b9500000,0x00000007bb1cc010,0x00000007bbf00000)
  to   space 44544K, 0% used [0x00000007bd480000,0x00000007bd480000,0x00000007c0000000)
 ParOldGen       total 261632K, used 179364K [0x0000000740000000, 0x000000074ff80000, 0x0000000795580000)
  object space 261632K, 68% used [0x0000000740000000,0x000000074af29390,0x000000074ff80000)
 Metaspace       used 62740K, capacity 63922K, committed 64256K, reserved 1105920K
  class space    used 8260K, capacity 8621K, committed 8704K, reserved 1048576K
Event: 775.184 GC heap after
Heap after GC invocations=59 (full 5):
 PSYoungGen      total 605184K, used 44515K [0x0000000795580000, 0x00000007c0000000, 0x00000007c0000000)
  eden space 560640K, 0% used [0x0000000795580000,0x0000000795580000,0x00000007b7900000)
  from space 44544K, 99% used [0x00000007bd480000,0x00000007bfff8f08,0x00000007c0000000)
  to   space 69120K, 0% used [0x00000007b7900000,0x00000007b7900000,0x00000007bbc80000)
 ParOldGen       total 261632K, used 226869K [0x0000000740000000, 0x000000074ff80000, 0x0000000795580000)
  object space 261632K, 86% used [0x0000000740000000,0x000000074dd8d6d0,0x000000074ff80000)
 Metaspace       used 62740K, capacity 63922K, committed 64256K, reserved 1105920K
  class space    used 8260K, capacity 8621K, committed 8704K, reserved 1048576K
}
Event: 778.639 GC heap before
{Heap before GC invocations=60 (full 5):
 PSYoungGen      total 605184K, used 605155K [0x0000000795580000, 0x00000007c0000000, 0x00000007c0000000)
  eden space 560640K, 100% used [0x0000000795580000,0x00000007b7900000,0x00000007b7900000)
  from space 44544K, 99% used [0x00000007bd480000,0x00000007bfff8f08,0x00000007c0000000)
  to   space 69120K, 0% used [0x00000007b7900000,0x00000007b7900000,0x00000007bbc80000)
 ParOldGen       total 261632K, used 226869K [0x0000000740000000, 0x000000074ff80000, 0x0000000795580000)
  object space 261632K, 86% used [0x0000000740000000,0x000000074dd8d6d0,0x000000074ff80000)
 Metaspace       used 62861K, capacity 64050K, committed 64256K, reserved 1105920K
  class space    used 8261K, capacity 8621K, committed 8704K, reserved 1048576K

